{"C:\\Users\\LENOVO\\Desktop\\Webpacks-Todolist\\frontend\\src\\App.tsx": {"path":"C:\\Users\\LENOVO\\Desktop\\Webpacks-Todolist\\frontend\\src\\App.tsx","statementMap":{"0":{"start":{"line":1,"column":0},"end":{"line":1,"column":56}},"1":{"start":{"line":2,"column":0},"end":{"line":2,"column":57}},"2":{"start":{"line":4,"column":2},"end":{"line":8,"column":4}},"3":{"start":{"line":11,"column":0},"end":{"line":11,"column":19}}},"fnMap":{"0":{"name":"App","decl":{"start":{"line":3,"column":9},"end":{"line":3,"column":12}},"loc":{"start":{"line":3,"column":12},"end":{"line":9,"column":1}}}},"branchMap":{},"s":{"0":0,"1":0,"2":0,"3":0},"f":{"0":0},"b":{}}
,"C:\\Users\\LENOVO\\Desktop\\Webpacks-Todolist\\frontend\\src\\components\\layout\\Header.tsx": {"path":"C:\\Users\\LENOVO\\Desktop\\Webpacks-Todolist\\frontend\\src\\components\\layout\\Header.tsx","statementMap":{"0":{"start":{"line":1,"column":0},"end":{"line":1,"column":24}},"1":{"start":{"line":2,"column":2},"end":{"line":9,"column":4}}},"fnMap":{"0":{"name":"Header","decl":{"start":{"line":1,"column":24},"end":{"line":1,"column":30}},"loc":{"start":{"line":1,"column":30},"end":{"line":10,"column":1}}}},"branchMap":{},"s":{"0":0,"1":0},"f":{"0":0},"b":{}}
,"C:\\Users\\LENOVO\\Desktop\\Webpacks-Todolist\\frontend\\src\\components\\layout\\MainLayout.tsx": {"path":"C:\\Users\\LENOVO\\Desktop\\Webpacks-Todolist\\frontend\\src\\components\\layout\\MainLayout.tsx","statementMap":{"0":{"start":{"line":1,"column":0},"end":{"line":1,"column":30}},"1":{"start":{"line":7,"column":2},"end":{"line":14,"column":4}},"2":{"start":{"line":17,"column":0},"end":{"line":17,"column":26}}},"fnMap":{"0":{"name":"MainLayout","decl":{"start":{"line":6,"column":9},"end":{"line":6,"column":19}},"loc":{"start":{"line":6,"column":51},"end":{"line":15,"column":1}}}},"branchMap":{},"s":{"0":0,"1":0,"2":0},"f":{"0":0},"b":{}}
,"C:\\Users\\LENOVO\\Desktop\\Webpacks-Todolist\\frontend\\src\\components\\todo\\TodoInput.tsx": {"path":"C:\\Users\\LENOVO\\Desktop\\Webpacks-Todolist\\frontend\\src\\components\\todo\\TodoInput.tsx","statementMap":{"0":{"start":{"line":1,"column":0},"end":{"line":1,"column":49}},"1":{"start":{"line":3,"column":0},"end":{"line":3,"column":34}},"2":{"start":{"line":11,"column":34},"end":{"line":11,"column":46}},"3":{"start":{"line":12,"column":28},"end":{"line":12,"column":40}},"4":{"start":{"line":14,"column":25},"end":{"line":36,"column":3}},"5":{"start":{"line":15,"column":4},"end":{"line":15,"column":23}},"6":{"start":{"line":17,"column":4},"end":{"line":17,"column":17}},"7":{"start":{"line":19,"column":4},"end":{"line":22,"column":5}},"8":{"start":{"line":20,"column":6},"end":{"line":20,"column":38}},"9":{"start":{"line":21,"column":6},"end":{"line":21,"column":13}},"10":{"start":{"line":24,"column":24},"end":{"line":25,"column":null}},"11":{"start":{"line":25,"column":14},"end":{"line":25,"column":79}},"12":{"start":{"line":28,"column":4},"end":{"line":33,"column":5}},"13":{"start":{"line":29,"column":6},"end":{"line":29,"column":39}},"14":{"start":{"line":30,"column":6},"end":{"line":30,"column":22}},"15":{"start":{"line":31,"column":6},"end":{"line":31,"column":43}},"16":{"start":{"line":31,"column":23},"end":{"line":31,"column":35}},"17":{"start":{"line":32,"column":6},"end":{"line":32,"column":13}},"18":{"start":{"line":34,"column":4},"end":{"line":34,"column":24}},"19":{"start":{"line":35,"column":4},"end":{"line":35,"column":20}},"20":{"start":{"line":37,"column":2},"end":{"line":74,"column":4}},"21":{"start":{"line":44,"column":25},"end":{"line":44,"column":52}},"22":{"start":{"line":77,"column":0},"end":{"line":77,"column":25}}},"fnMap":{"0":{"name":"TodoInput","decl":{"start":{"line":10,"column":9},"end":{"line":10,"column":18}},"loc":{"start":{"line":10,"column":55},"end":{"line":75,"column":1}}},"1":{"name":"(anonymous_2)","decl":{"start":{"line":14,"column":25},"end":{"line":14,"column":26}},"loc":{"start":{"line":14,"column":59},"end":{"line":36,"column":3}}},"2":{"name":"(anonymous_3)","decl":{"start":{"line":25,"column":6},"end":{"line":25,"column":10}},"loc":{"start":{"line":25,"column":14},"end":{"line":25,"column":79}}},"3":{"name":"(anonymous_4)","decl":{"start":{"line":31,"column":17},"end":{"line":31,"column":20}},"loc":{"start":{"line":31,"column":23},"end":{"line":31,"column":35}}},"4":{"name":"(anonymous_5)","decl":{"start":{"line":44,"column":20},"end":{"line":44,"column":21}},"loc":{"start":{"line":44,"column":25},"end":{"line":44,"column":52}}}},"branchMap":{"0":{"loc":{"start":{"line":19,"column":4},"end":{"line":22,"column":5}},"type":"if","locations":[{"start":{"line":19,"column":4},"end":{"line":22,"column":5}},{"start":{},"end":{}}]},"1":{"loc":{"start":{"line":28,"column":4},"end":{"line":33,"column":5}},"type":"if","locations":[{"start":{"line":28,"column":4},"end":{"line":33,"column":5}},{"start":{},"end":{}}]},"2":{"loc":{"start":{"line":59,"column":7},"end":{"line":71,"column":null}},"type":"binary-expr","locations":[{"start":{"line":59,"column":7},"end":{"line":59,"column":12}},{"start":{"line":60,"column":8},"end":{"line":70,"column":null}}]}},"s":{"0":1,"1":1,"2":106,"3":106,"4":106,"5":9,"6":9,"7":9,"8":2,"9":2,"10":7,"11":4,"12":7,"13":4,"14":4,"15":4,"16":1,"17":4,"18":3,"19":3,"20":106,"21":87,"22":1},"f":{"0":106,"1":9,"2":4,"3":1,"4":87},"b":{"0":[2,7],"1":[4,3],"2":[106,6]}}
,"C:\\Users\\LENOVO\\Desktop\\Webpacks-Todolist\\frontend\\src\\components\\todo\\TodoItem.tsx": {"path":"C:\\Users\\LENOVO\\Desktop\\Webpacks-Todolist\\frontend\\src\\components\\todo\\TodoItem.tsx","statementMap":{"0":{"start":{"line":21,"column":0},"end":{"line":21,"column":24}},"1":{"start":{"line":1,"column":0},"end":{"line":1,"column":33}},"2":{"start":{"line":4,"column":0},"end":{"line":4,"column":34}},"3":{"start":{"line":28,"column":36},"end":{"line":28,"column":51}},"4":{"start":{"line":29,"column":36},"end":{"line":29,"column":56}},"5":{"start":{"line":30,"column":40},"end":{"line":30,"column":69}},"6":{"start":{"line":32,"column":21},"end":{"line":37,"column":3}},"7":{"start":{"line":33,"column":4},"end":{"line":36,"column":5}},"8":{"start":{"line":34,"column":6},"end":{"line":34,"column":42}},"9":{"start":{"line":35,"column":6},"end":{"line":35,"column":26}},"10":{"start":{"line":39,"column":23},"end":{"line":42,"column":3}},"11":{"start":{"line":40,"column":4},"end":{"line":40,"column":29}},"12":{"start":{"line":41,"column":4},"end":{"line":41,"column":24}},"13":{"start":{"line":44,"column":23},"end":{"line":69,"column":3}},"14":{"start":{"line":45,"column":4},"end":{"line":45,"column":39}},"15":{"start":{"line":45,"column":32},"end":{"line":45,"column":39}},"16":{"start":{"line":47,"column":4},"end":{"line":47,"column":32}},"17":{"start":{"line":50,"column":4},"end":{"line":52,"column":12}},"18":{"start":{"line":51,"column":6},"end":{"line":51,"column":34}},"19":{"start":{"line":55,"column":4},"end":{"line":57,"column":12}},"20":{"start":{"line":56,"column":6},"end":{"line":56,"column":37}},"21":{"start":{"line":60,"column":4},"end":{"line":62,"column":12}},"22":{"start":{"line":61,"column":6},"end":{"line":61,"column":31}},"23":{"start":{"line":65,"column":4},"end":{"line":68,"column":13}},"24":{"start":{"line":66,"column":6},"end":{"line":66,"column":33}},"25":{"start":{"line":67,"column":6},"end":{"line":67,"column":24}},"26":{"start":{"line":71,"column":2},"end":{"line":252,"column":4}},"27":{"start":{"line":104,"column":28},"end":{"line":104,"column":45}},"28":{"start":{"line":117,"column":29},"end":{"line":117,"column":47}},"29":{"start":{"line":202,"column":28},"end":{"line":202,"column":47}},"30":{"start":{"line":224,"column":31},"end":{"line":224,"column":59}},"31":{"start":{"line":229,"column":16},"end":{"line":229,"column":52}},"32":{"start":{"line":229,"column":39},"end":{"line":229,"column":52}},"33":{"start":{"line":230,"column":16},"end":{"line":230,"column":55}},"34":{"start":{"line":230,"column":40},"end":{"line":230,"column":55}}},"fnMap":{"0":{"name":"TodoItem","decl":{"start":{"line":21,"column":24},"end":{"line":21,"column":32}},"loc":{"start":{"line":27,"column":16},"end":{"line":253,"column":1}}},"1":{"name":"(anonymous_2)","decl":{"start":{"line":32,"column":21},"end":{"line":32,"column":24}},"loc":{"start":{"line":32,"column":26},"end":{"line":37,"column":3}}},"2":{"name":"(anonymous_3)","decl":{"start":{"line":39,"column":23},"end":{"line":39,"column":26}},"loc":{"start":{"line":39,"column":28},"end":{"line":42,"column":3}}},"3":{"name":"(anonymous_4)","decl":{"start":{"line":44,"column":23},"end":{"line":44,"column":26}},"loc":{"start":{"line":44,"column":28},"end":{"line":69,"column":3}}},"4":{"name":"(anonymous_5)","decl":{"start":{"line":50,"column":15},"end":{"line":50,"column":18}},"loc":{"start":{"line":50,"column":20},"end":{"line":52,"column":5}}},"5":{"name":"(anonymous_6)","decl":{"start":{"line":55,"column":15},"end":{"line":55,"column":18}},"loc":{"start":{"line":55,"column":20},"end":{"line":57,"column":5}}},"6":{"name":"(anonymous_7)","decl":{"start":{"line":60,"column":15},"end":{"line":60,"column":18}},"loc":{"start":{"line":60,"column":20},"end":{"line":62,"column":5}}},"7":{"name":"(anonymous_8)","decl":{"start":{"line":65,"column":15},"end":{"line":65,"column":18}},"loc":{"start":{"line":65,"column":20},"end":{"line":68,"column":5}}},"8":{"name":"(anonymous_9)","decl":{"start":{"line":104,"column":22},"end":{"line":104,"column":25}},"loc":{"start":{"line":104,"column":28},"end":{"line":104,"column":45}}},"9":{"name":"(anonymous_10)","decl":{"start":{"line":117,"column":23},"end":{"line":117,"column":26}},"loc":{"start":{"line":117,"column":29},"end":{"line":117,"column":47}}},"10":{"name":"(anonymous_11)","decl":{"start":{"line":202,"column":21},"end":{"line":202,"column":22}},"loc":{"start":{"line":202,"column":28},"end":{"line":202,"column":47}}},"11":{"name":"(anonymous_12)","decl":{"start":{"line":224,"column":24},"end":{"line":224,"column":25}},"loc":{"start":{"line":224,"column":31},"end":{"line":224,"column":59}}},"12":{"name":"(anonymous_13)","decl":{"start":{"line":228,"column":25},"end":{"line":228,"column":26}},"loc":{"start":{"line":228,"column":31},"end":{"line":231,"column":15}}}},"branchMap":{"0":{"loc":{"start":{"line":33,"column":4},"end":{"line":36,"column":5}},"type":"if","locations":[{"start":{"line":33,"column":4},"end":{"line":36,"column":5}},{"start":{},"end":{}}]},"1":{"loc":{"start":{"line":45,"column":4},"end":{"line":45,"column":39}},"type":"if","locations":[{"start":{"line":45,"column":4},"end":{"line":45,"column":39}},{"start":{},"end":{}}]},"2":{"loc":{"start":{"line":75,"column":10},"end":{"line":79,"column":null}},"type":"cond-expr","locations":[{"start":{"line":76,"column":14},"end":{"line":76,"column":31}},{"start":{"line":77,"column":14},"end":{"line":79,"column":null}}]},"3":{"loc":{"start":{"line":77,"column":14},"end":{"line":79,"column":null}},"type":"cond-expr","locations":[{"start":{"line":78,"column":16},"end":{"line":78,"column":63}},{"start":{"line":79,"column":16},"end":{"line":79,"column":null}}]},"4":{"loc":{"start":{"line":85,"column":12},"end":{"line":91,"column":null}},"type":"cond-expr","locations":[{"start":{"line":86,"column":16},"end":{"line":86,"column":39}},{"start":{"line":87,"column":16},"end":{"line":91,"column":null}}]},"5":{"loc":{"start":{"line":87,"column":16},"end":{"line":91,"column":null}},"type":"cond-expr","locations":[{"start":{"line":88,"column":18},"end":{"line":88,"column":42}},{"start":{"line":89,"column":18},"end":{"line":91,"column":null}}]},"6":{"loc":{"start":{"line":89,"column":18},"end":{"line":91,"column":null}},"type":"cond-expr","locations":[{"start":{"line":90,"column":20},"end":{"line":90,"column":42}},{"start":{"line":91,"column":20},"end":{"line":91,"column":null}}]},"7":{"loc":{"start":{"line":89,"column":18},"end":{"line":89,"column":76}},"type":"binary-expr","locations":[{"start":{"line":89,"column":18},"end":{"line":89,"column":48}},{"start":{"line":89,"column":52},"end":{"line":89,"column":76}}]},"8":{"loc":{"start":{"line":110,"column":14},"end":{"line":110,"column":null}},"type":"cond-expr","locations":[{"start":{"line":110,"column":33},"end":{"line":110,"column":61}},{"start":{"line":110,"column":64},"end":{"line":110,"column":null}}]},"9":{"loc":{"start":{"line":111,"column":16},"end":{"line":111,"column":58}},"type":"cond-expr","locations":[{"start":{"line":111,"column":41},"end":{"line":111,"column":53}},{"start":{"line":111,"column":56},"end":{"line":111,"column":58}}]},"10":{"loc":{"start":{"line":141,"column":16},"end":{"line":147,"column":null}},"type":"cond-expr","locations":[{"start":{"line":144,"column":20},"end":{"line":144,"column":42}},{"start":{"line":145,"column":20},"end":{"line":147,"column":null}}]},"11":{"loc":{"start":{"line":141,"column":16},"end":{"line":143,"column":46}},"type":"binary-expr","locations":[{"start":{"line":141,"column":16},"end":{"line":141,"column":43}},{"start":{"line":142,"column":16},"end":{"line":142,"column":43}},{"start":{"line":143,"column":16},"end":{"line":143,"column":46}}]},"12":{"loc":{"start":{"line":145,"column":20},"end":{"line":147,"column":null}},"type":"cond-expr","locations":[{"start":{"line":146,"column":22},"end":{"line":146,"column":62}},{"start":{"line":147,"column":22},"end":{"line":147,"column":null}}]},"13":{"loc":{"start":{"line":153,"column":18},"end":{"line":155,"column":null}},"type":"cond-expr","locations":[{"start":{"line":154,"column":22},"end":{"line":154,"column":52}},{"start":{"line":155,"column":22},"end":{"line":155,"column":null}}]},"14":{"loc":{"start":{"line":153,"column":18},"end":{"line":153,"column":76}},"type":"binary-expr","locations":[{"start":{"line":153,"column":18},"end":{"line":153,"column":48}},{"start":{"line":153,"column":52},"end":{"line":153,"column":76}}]},"15":{"loc":{"start":{"line":172,"column":18},"end":{"line":176,"column":null}},"type":"cond-expr","locations":[{"start":{"line":173,"column":22},"end":{"line":173,"column":60}},{"start":{"line":174,"column":22},"end":{"line":176,"column":null}}]},"16":{"loc":{"start":{"line":174,"column":22},"end":{"line":176,"column":null}},"type":"cond-expr","locations":[{"start":{"line":175,"column":24},"end":{"line":175,"column":47}},{"start":{"line":176,"column":24},"end":{"line":176,"column":null}}]},"17":{"loc":{"start":{"line":195,"column":7},"end":{"line":249,"column":null}},"type":"binary-expr","locations":[{"start":{"line":195,"column":7},"end":{"line":195,"column":16}},{"start":{"line":196,"column":8},"end":{"line":248,"column":null}}]},"18":{"loc":{"start":{"line":229,"column":16},"end":{"line":229,"column":52}},"type":"if","locations":[{"start":{"line":229,"column":16},"end":{"line":229,"column":52}},{"start":{},"end":{}}]},"19":{"loc":{"start":{"line":230,"column":16},"end":{"line":230,"column":55}},"type":"if","locations":[{"start":{"line":230,"column":16},"end":{"line":230,"column":55}},{"start":{},"end":{}}]}},"s":{"0":1,"1":1,"2":1,"3":48,"4":48,"5":48,"6":48,"7":3,"8":2,"9":2,"10":48,"11":1,"12":1,"13":48,"14":1,"15":0,"16":1,"17":1,"18":1,"19":1,"20":1,"21":1,"22":1,"23":1,"24":1,"25":1,"26":48,"27":1,"28":5,"29":5,"30":27,"31":25,"32":1,"33":25,"34":0},"f":{"0":48,"1":3,"2":1,"3":1,"4":1,"5":1,"6":1,"7":1,"8":1,"9":5,"10":5,"11":27,"12":25},"b":{"0":[2,1],"1":[0,1],"2":[0,48],"3":[47,1],"4":[1,47],"5":[0,47],"6":[0,47],"7":[47,47],"8":[2,46],"9":[1,47],"10":[1,47],"11":[48,47,47],"12":[47,0],"13":[0,48],"14":[48,48],"15":[0,48],"16":[0,48],"17":[48,32],"18":[1,24],"19":[0,25]}}
,"C:\\Users\\LENOVO\\Desktop\\Webpacks-Todolist\\frontend\\src\\components\\todo\\TodoList.tsx": {"path":"C:\\Users\\LENOVO\\Desktop\\Webpacks-Todolist\\frontend\\src\\components\\todo\\TodoList.tsx","statementMap":{"0":{"start":{"line":12,"column":0},"end":{"line":12,"column":24}},"1":{"start":{"line":1,"column":0},"end":{"line":1,"column":63}},"2":{"start":{"line":3,"column":0},"end":{"line":3,"column":34}},"3":{"start":{"line":20,"column":6},"end":{"line":20,"column":16}},"4":{"start":{"line":22,"column":2},"end":{"line":46,"column":3}},"5":{"start":{"line":23,"column":4},"end":{"line":45,"column":6}},"6":{"start":{"line":48,"column":2},"end":{"line":60,"column":4}},"7":{"start":{"line":51,"column":8},"end":{"line":52,"column":null}}},"fnMap":{"0":{"name":"TodoList","decl":{"start":{"line":12,"column":24},"end":{"line":12,"column":32}},"loc":{"start":{"line":17,"column":16},"end":{"line":61,"column":1}}},"1":{"name":"(anonymous_2)","decl":{"start":{"line":50,"column":17},"end":{"line":50,"column":18}},"loc":{"start":{"line":51,"column":8},"end":{"line":52,"column":null}}}},"branchMap":{"0":{"loc":{"start":{"line":22,"column":2},"end":{"line":46,"column":3}},"type":"if","locations":[{"start":{"line":22,"column":2},"end":{"line":46,"column":3}},{"start":{},"end":{}}]},"1":{"loc":{"start":{"line":22,"column":6},"end":{"line":22,"column":38}},"type":"binary-expr","locations":[{"start":{"line":22,"column":6},"end":{"line":22,"column":24}},{"start":{"line":22,"column":28},"end":{"line":22,"column":38}}]}},"s":{"0":0,"1":0,"2":0,"3":0,"4":0,"5":0,"6":0,"7":0},"f":{"0":0,"1":0},"b":{"0":[0,0],"1":[0,0]}}
,"C:\\Users\\LENOVO\\Desktop\\Webpacks-Todolist\\frontend\\src\\components\\todo\\index.ts": {"path":"C:\\Users\\LENOVO\\Desktop\\Webpacks-Todolist\\frontend\\src\\components\\todo\\index.ts","statementMap":{"0":{"start":{"line":1,"column":0},"end":{"line":1,"column":9}},"1":{"start":{"line":1,"column":9},"end":{"line":1,"column":29}},"2":{"start":{"line":2,"column":0},"end":{"line":2,"column":9}},"3":{"start":{"line":2,"column":9},"end":{"line":2,"column":28}},"4":{"start":{"line":3,"column":0},"end":{"line":3,"column":9}},"5":{"start":{"line":3,"column":9},"end":{"line":3,"column":28}}},"fnMap":{"0":{"name":"(anonymous_1)","decl":{"start":{"line":1,"column":9},"end":{"line":1,"column":16}},"loc":{"start":{"line":1,"column":9},"end":{"line":1,"column":29}}},"1":{"name":"(anonymous_2)","decl":{"start":{"line":2,"column":9},"end":{"line":2,"column":16}},"loc":{"start":{"line":2,"column":9},"end":{"line":2,"column":28}}},"2":{"name":"(anonymous_3)","decl":{"start":{"line":3,"column":9},"end":{"line":3,"column":16}},"loc":{"start":{"line":3,"column":9},"end":{"line":3,"column":28}}}},"branchMap":{},"s":{"0":0,"1":0,"2":0,"3":0,"4":0,"5":0},"f":{"0":0,"1":0,"2":0},"b":{}}
,"C:\\Users\\LENOVO\\Desktop\\Webpacks-Todolist\\frontend\\src\\components\\ui\\Button.tsx": {"path":"C:\\Users\\LENOVO\\Desktop\\Webpacks-Todolist\\frontend\\src\\components\\ui\\Button.tsx","statementMap":{"0":{"start":{"line":6,"column":2},"end":{"line":13,"column":4}},"1":{"start":{"line":15,"column":0},"end":{"line":15,"column":22}}},"fnMap":{"0":{"name":"Button","decl":{"start":{"line":5,"column":9},"end":{"line":5,"column":15}},"loc":{"start":{"line":5,"column":62},"end":{"line":14,"column":1}}}},"branchMap":{},"s":{"0":266,"1":2},"f":{"0":266},"b":{}}
,"C:\\Users\\LENOVO\\Desktop\\Webpacks-Todolist\\frontend\\src\\features\\todos\\TodoReducer.ts": {"path":"C:\\Users\\LENOVO\\Desktop\\Webpacks-Todolist\\frontend\\src\\features\\todos\\TodoReducer.ts","statementMap":{"0":{"start":{"line":18,"column":0},"end":{"line":18,"column":16}},"1":{"start":{"line":19,"column":2},"end":{"line":63,"column":3}},"2":{"start":{"line":21,"column":6},"end":{"line":25,"column":8}},"3":{"start":{"line":27,"column":6},"end":{"line":31,"column":8}},"4":{"start":{"line":29,"column":40},"end":{"line":29,"column":93}},"5":{"start":{"line":33,"column":6},"end":{"line":37,"column":8}},"6":{"start":{"line":35,"column":42},"end":{"line":35,"column":68}},"7":{"start":{"line":39,"column":6},"end":{"line":43,"column":8}},"8":{"start":{"line":41,"column":40},"end":{"line":41,"column":93}},"9":{"start":{"line":45,"column":6},"end":{"line":49,"column":8}},"10":{"start":{"line":51,"column":6},"end":{"line":54,"column":8}},"11":{"start":{"line":56,"column":6},"end":{"line":60,"column":8}},"12":{"start":{"line":62,"column":6},"end":{"line":62,"column":19}}},"fnMap":{"0":{"name":"todoReducer","decl":{"start":{"line":18,"column":16},"end":{"line":18,"column":27}},"loc":{"start":{"line":18,"column":60},"end":{"line":64,"column":1}}},"1":{"name":"(anonymous_1)","decl":{"start":{"line":29,"column":31},"end":{"line":29,"column":35}},"loc":{"start":{"line":29,"column":40},"end":{"line":29,"column":93}}},"2":{"name":"(anonymous_2)","decl":{"start":{"line":35,"column":34},"end":{"line":35,"column":38}},"loc":{"start":{"line":35,"column":42},"end":{"line":35,"column":68}}},"3":{"name":"(anonymous_3)","decl":{"start":{"line":41,"column":31},"end":{"line":41,"column":35}},"loc":{"start":{"line":41,"column":40},"end":{"line":41,"column":93}}}},"branchMap":{"0":{"loc":{"start":{"line":19,"column":2},"end":{"line":63,"column":3}},"type":"switch","locations":[{"start":{"line":20,"column":4},"end":{"line":25,"column":8}},{"start":{"line":26,"column":4},"end":{"line":31,"column":8}},{"start":{"line":32,"column":4},"end":{"line":37,"column":8}},{"start":{"line":38,"column":4},"end":{"line":43,"column":8}},{"start":{"line":44,"column":4},"end":{"line":49,"column":8}},{"start":{"line":50,"column":4},"end":{"line":54,"column":8}},{"start":{"line":55,"column":4},"end":{"line":60,"column":8}},{"start":{"line":61,"column":4},"end":{"line":62,"column":19}}]},"1":{"loc":{"start":{"line":29,"column":40},"end":{"line":29,"column":93}},"type":"cond-expr","locations":[{"start":{"line":29,"column":72},"end":{"line":29,"column":86}},{"start":{"line":29,"column":89},"end":{"line":29,"column":93}}]},"2":{"loc":{"start":{"line":41,"column":40},"end":{"line":41,"column":93}},"type":"cond-expr","locations":[{"start":{"line":41,"column":72},"end":{"line":41,"column":86}},{"start":{"line":41,"column":89},"end":{"line":41,"column":93}}]}},"s":{"0":0,"1":0,"2":0,"3":0,"4":0,"5":0,"6":0,"7":0,"8":0,"9":0,"10":0,"11":0,"12":0},"f":{"0":0,"1":0,"2":0,"3":0},"b":{"0":[0,0,0,0,0,0,0,0],"1":[0,0],"2":[0,0]}}
,"C:\\Users\\LENOVO\\Desktop\\Webpacks-Todolist\\frontend\\src\\features\\todos\\TodosSection.tsx": {"path":"C:\\Users\\LENOVO\\Desktop\\Webpacks-Todolist\\frontend\\src\\features\\todos\\TodosSection.tsx","statementMap":{"0":{"start":{"line":5,"column":0},"end":{"line":5,"column":24}},"1":{"start":{"line":1,"column":0},"end":{"line":1,"column":56}},"2":{"start":{"line":2,"column":0},"end":{"line":2,"column":54}},"3":{"start":{"line":3,"column":0},"end":{"line":3,"column":44}},"4":{"start":{"line":7,"column":4},"end":{"line":7,"column":14}},"5":{"start":{"line":9,"column":2},"end":{"line":73,"column":4}}},"fnMap":{"0":{"name":"TodosSection","decl":{"start":{"line":5,"column":24},"end":{"line":5,"column":36}},"loc":{"start":{"line":5,"column":36},"end":{"line":74,"column":1}}}},"branchMap":{"0":{"loc":{"start":{"line":29,"column":7},"end":{"line":43,"column":null}},"type":"binary-expr","locations":[{"start":{"line":29,"column":7},"end":{"line":29,"column":12}},{"start":{"line":30,"column":8},"end":{"line":42,"column":null}}]},"1":{"loc":{"start":{"line":46,"column":7},"end":{"line":64,"column":null}},"type":"binary-expr","locations":[{"start":{"line":46,"column":7},"end":{"line":46,"column":16}},{"start":{"line":47,"column":8},"end":{"line":63,"column":null}}]}},"s":{"0":0,"1":0,"2":0,"3":0,"4":0,"5":0},"f":{"0":0},"b":{"0":[0,0],"1":[0,0]}}
,"C:\\Users\\LENOVO\\Desktop\\Webpacks-Todolist\\frontend\\src\\features\\todos\\hooks\\useTodos.ts": {"path":"C:\\Users\\LENOVO\\Desktop\\Webpacks-Todolist\\frontend\\src\\features\\todos\\hooks\\useTodos.ts","statementMap":{"0":{"start":{"line":11,"column":0},"end":{"line":11,"column":16}},"1":{"start":{"line":1,"column":0},"end":{"line":1,"column":46}},"2":{"start":{"line":2,"column":0},"end":{"line":2,"column":56}},"3":{"start":{"line":3,"column":0},"end":{"line":3,"column":64}},"4":{"start":{"line":5,"column":32},"end":{"line":9,"column":2}},"5":{"start":{"line":12,"column":28},"end":{"line":12,"column":65}},"6":{"start":{"line":15,"column":2},"end":{"line":29,"column":9}},"7":{"start":{"line":16,"column":22},"end":{"line":26,"column":5}},"8":{"start":{"line":17,"column":6},"end":{"line":25,"column":7}},"9":{"start":{"line":18,"column":8},"end":{"line":18,"column":57}},"10":{"start":{"line":19,"column":22},"end":{"line":19,"column":46}},"11":{"start":{"line":20,"column":8},"end":{"line":20,"column":56}},"12":{"start":{"line":22,"column":8},"end":{"line":22,"column":72}},"13":{"start":{"line":24,"column":8},"end":{"line":24,"column":58}},"14":{"start":{"line":28,"column":4},"end":{"line":28,"column":16}},"15":{"start":{"line":31,"column":20},"end":{"line":45,"column":3}},"16":{"start":{"line":32,"column":4},"end":{"line":32,"column":36}},"17":{"start":{"line":32,"column":29},"end":{"line":32,"column":36}},"18":{"start":{"line":34,"column":4},"end":{"line":44,"column":5}},"19":{"start":{"line":35,"column":6},"end":{"line":35,"column":53}},"20":{"start":{"line":36,"column":22},"end":{"line":40,"column":8}},"21":{"start":{"line":41,"column":6},"end":{"line":41,"column":55}},"22":{"start":{"line":43,"column":6},"end":{"line":43,"column":70}},"23":{"start":{"line":47,"column":23},"end":{"line":55,"column":3}},"24":{"start":{"line":48,"column":4},"end":{"line":54,"column":5}},"25":{"start":{"line":49,"column":6},"end":{"line":49,"column":53}},"26":{"start":{"line":50,"column":6},"end":{"line":50,"column":35}},"27":{"start":{"line":51,"column":6},"end":{"line":51,"column":53}},"28":{"start":{"line":53,"column":6},"end":{"line":53,"column":70}},"29":{"start":{"line":57,"column":23},"end":{"line":65,"column":3}},"30":{"start":{"line":58,"column":4},"end":{"line":64,"column":5}},"31":{"start":{"line":59,"column":6},"end":{"line":59,"column":53}},"32":{"start":{"line":60,"column":26},"end":{"line":60,"column":54}},"33":{"start":{"line":61,"column":6},"end":{"line":61,"column":62}},"34":{"start":{"line":63,"column":6},"end":{"line":63,"column":70}},"35":{"start":{"line":67,"column":23},"end":{"line":77,"column":3}},"36":{"start":{"line":68,"column":4},"end":{"line":68,"column":36}},"37":{"start":{"line":68,"column":29},"end":{"line":68,"column":36}},"38":{"start":{"line":70,"column":4},"end":{"line":76,"column":5}},"39":{"start":{"line":71,"column":6},"end":{"line":71,"column":53}},"40":{"start":{"line":72,"column":26},"end":{"line":72,"column":79}},"41":{"start":{"line":73,"column":6},"end":{"line":73,"column":62}},"42":{"start":{"line":75,"column":6},"end":{"line":75,"column":70}},"43":{"start":{"line":79,"column":2},"end":{"line":87,"column":4}}},"fnMap":{"0":{"name":"useTodos","decl":{"start":{"line":11,"column":16},"end":{"line":11,"column":24}},"loc":{"start":{"line":11,"column":24},"end":{"line":88,"column":1}}},"1":{"name":"(anonymous_1)","decl":{"start":{"line":15,"column":12},"end":{"line":15,"column":15}},"loc":{"start":{"line":15,"column":17},"end":{"line":29,"column":3}}},"2":{"name":"(anonymous_2)","decl":{"start":{"line":16,"column":22},"end":{"line":16,"column":27}},"loc":{"start":{"line":16,"column":33},"end":{"line":26,"column":5}}},"3":{"name":"(anonymous_3)","decl":{"start":{"line":31,"column":20},"end":{"line":31,"column":25}},"loc":{"start":{"line":31,"column":44},"end":{"line":45,"column":3}}},"4":{"name":"(anonymous_4)","decl":{"start":{"line":47,"column":23},"end":{"line":47,"column":28}},"loc":{"start":{"line":47,"column":44},"end":{"line":55,"column":3}}},"5":{"name":"(anonymous_5)","decl":{"start":{"line":57,"column":23},"end":{"line":57,"column":28}},"loc":{"start":{"line":57,"column":44},"end":{"line":65,"column":3}}},"6":{"name":"(anonymous_6)","decl":{"start":{"line":67,"column":23},"end":{"line":67,"column":28}},"loc":{"start":{"line":67,"column":59},"end":{"line":77,"column":3}}}},"branchMap":{"0":{"loc":{"start":{"line":32,"column":4},"end":{"line":32,"column":36}},"type":"if","locations":[{"start":{"line":32,"column":4},"end":{"line":32,"column":36}},{"start":{},"end":{}}]},"1":{"loc":{"start":{"line":68,"column":4},"end":{"line":68,"column":36}},"type":"if","locations":[{"start":{"line":68,"column":4},"end":{"line":68,"column":36}},{"start":{},"end":{}}]}},"s":{"0":0,"1":0,"2":0,"3":0,"4":0,"5":0,"6":0,"7":0,"8":0,"9":0,"10":0,"11":0,"12":0,"13":0,"14":0,"15":0,"16":0,"17":0,"18":0,"19":0,"20":0,"21":0,"22":0,"23":0,"24":0,"25":0,"26":0,"27":0,"28":0,"29":0,"30":0,"31":0,"32":0,"33":0,"34":0,"35":0,"36":0,"37":0,"38":0,"39":0,"40":0,"41":0,"42":0,"43":0},"f":{"0":0,"1":0,"2":0,"3":0,"4":0,"5":0,"6":0},"b":{"0":[0,0],"1":[0,0]}}
,"C:\\Users\\LENOVO\\Desktop\\Webpacks-Todolist\\frontend\\src\\services\\Api.ts": {"path":"C:\\Users\\LENOVO\\Desktop\\Webpacks-Todolist\\frontend\\src\\services\\Api.ts","statementMap":{"0":{"start":{"line":1,"column":0},"end":{"line":1,"column":26}},"1":{"start":{"line":5,"column":12},"end":{"line":13,"column":2}},"2":{"start":{"line":16,"column":13},"end":{"line":52,"column":2}},"3":{"start":{"line":19,"column":21},"end":{"line":19,"column":52}},"4":{"start":{"line":20,"column":4},"end":{"line":20,"column":25}},"5":{"start":{"line":29,"column":21},"end":{"line":29,"column":57}},"6":{"start":{"line":30,"column":4},"end":{"line":30,"column":25}},"7":{"start":{"line":38,"column":21},"end":{"line":38,"column":65}},"8":{"start":{"line":39,"column":4},"end":{"line":39,"column":25}},"9":{"start":{"line":44,"column":21},"end":{"line":44,"column":65}},"10":{"start":{"line":45,"column":4},"end":{"line":45,"column":25}},"11":{"start":{"line":50,"column":4},"end":{"line":50,"column":37}},"12":{"start":{"line":55,"column":30},"end":{"line":68,"column":1}},"13":{"start":{"line":56,"column":2},"end":{"line":63,"column":3}},"14":{"start":{"line":57,"column":4},"end":{"line":59,"column":5}},"15":{"start":{"line":58,"column":6},"end":{"line":58,"column":41}},"16":{"start":{"line":60,"column":4},"end":{"line":62,"column":5}},"17":{"start":{"line":61,"column":6},"end":{"line":61,"column":27}},"18":{"start":{"line":64,"column":2},"end":{"line":66,"column":3}},"19":{"start":{"line":65,"column":4},"end":{"line":65,"column":25}},"20":{"start":{"line":67,"column":2},"end":{"line":67,"column":40}},"21":{"start":{"line":55,"column":13},"end":{"line":55,"column":30}},"22":{"start":{"line":70,"column":0},"end":{"line":70,"column":23}}},"fnMap":{"0":{"name":"(anonymous_1)","decl":{"start":{"line":18,"column":12},"end":{"line":18,"column":17}},"loc":{"start":{"line":18,"column":40},"end":{"line":21,"column":3}}},"1":{"name":"(anonymous_2)","decl":{"start":{"line":24,"column":14},"end":{"line":24,"column":19}},"loc":{"start":{"line":28,"column":22},"end":{"line":31,"column":3}}},"2":{"name":"(anonymous_3)","decl":{"start":{"line":34,"column":14},"end":{"line":34,"column":19}},"loc":{"start":{"line":37,"column":21},"end":{"line":40,"column":3}}},"3":{"name":"(anonymous_4)","decl":{"start":{"line":43,"column":14},"end":{"line":43,"column":19}},"loc":{"start":{"line":43,"column":50},"end":{"line":46,"column":3}}},"4":{"name":"(anonymous_5)","decl":{"start":{"line":49,"column":14},"end":{"line":49,"column":19}},"loc":{"start":{"line":49,"column":50},"end":{"line":51,"column":3}}},"5":{"name":"(anonymous_6)","decl":{"start":{"line":55,"column":30},"end":{"line":55,"column":31}},"loc":{"start":{"line":55,"column":57},"end":{"line":68,"column":1}}}},"branchMap":{"0":{"loc":{"start":{"line":7,"column":4},"end":{"line":9,"column":35}},"type":"cond-expr","locations":[{"start":{"line":8,"column":8},"end":{"line":8,"column":65}},{"start":{"line":9,"column":8},"end":{"line":9,"column":35}}]},"1":{"loc":{"start":{"line":56,"column":2},"end":{"line":63,"column":3}},"type":"if","locations":[{"start":{"line":56,"column":2},"end":{"line":63,"column":3}},{"start":{},"end":{}}]},"2":{"loc":{"start":{"line":57,"column":4},"end":{"line":59,"column":5}},"type":"if","locations":[{"start":{"line":57,"column":4},"end":{"line":59,"column":5}},{"start":{},"end":{}}]},"3":{"loc":{"start":{"line":60,"column":4},"end":{"line":62,"column":5}},"type":"if","locations":[{"start":{"line":60,"column":4},"end":{"line":62,"column":5}},{"start":{},"end":{}}]},"4":{"loc":{"start":{"line":64,"column":2},"end":{"line":66,"column":3}},"type":"if","locations":[{"start":{"line":64,"column":2},"end":{"line":66,"column":3}},{"start":{},"end":{}}]}},"s":{"0":0,"1":0,"2":0,"3":0,"4":0,"5":0,"6":0,"7":0,"8":0,"9":0,"10":0,"11":0,"12":0,"13":0,"14":0,"15":0,"16":0,"17":0,"18":0,"19":0,"20":0,"21":0,"22":0},"f":{"0":0,"1":0,"2":0,"3":0,"4":0,"5":0},"b":{"0":[0,0],"1":[0,0],"2":[0,0],"3":[0,0],"4":[0,0]}}
}
